# JRE version: OpenJDK Runtime Environment (17.0.6) (build 17.0.6+0-b2043.56-9586694)
# Java VM: OpenJDK 64-Bit Server VM (17.0.6+0-b2043.56-9586694, mixed mode, tiered, compressed oops, compressed class ptrs, g1 gc, windows-amd64)
GC Precious Log:
 CPUs: 8 total, 8 available
 Memory: 8058M
 Large Page Support: Disabled
 NUMA Support: Disabled
 Compressed Oops: Enabled (32-bit)
 Heap Region Size: 1M
 Heap Min Capacity: 8M
 Heap Initial Capacity: 126M
 Heap Max Capacity: 2G
 Pre-touch: Disabled
 Parallel Workers: 8
 Concurrent Workers: 2
 Concurrent Refinement Workers: 8
 Periodic GC: Disabled
Heap:
 garbage-first heap   total 158720K, used 134060K [0x0000000080000000, 0x0000000100000000)
  region size 1024K, 20 young (20480K), 1 survivors (1024K)
 Metaspace       used 117341K, committed 118080K, reserved 1155072K
  class space    used 16125K, committed 16448K, reserved 1048576K
GC Heap History (20 events):
Event: 101.310 GC heap before
{Heap before GC invocations=60 (full 0):
 garbage-first heap   total 158720K, used 128222K [0x0000000080000000, 0x0000000100000000)
  region size 1024K, 50 young (51200K), 7 survivors (7168K)
 Metaspace       used 91967K, committed 92608K, reserved 1130496K
  class space    used 12497K, committed 12800K, reserved 1048576K
}
Event: 101.319 GC heap after
{Heap after GC invocations=61 (full 0):
 garbage-first heap   total 158720K, used 91167K [0x0000000080000000, 0x0000000100000000)
  region size 1024K, 6 young (6144K), 6 survivors (6144K)
 Metaspace       used 91967K, committed 92608K, reserved 1130496K
  class space    used 12497K, committed 12800K, reserved 1048576K
}
Event: 105.558 GC heap before
{Heap before GC invocations=61 (full 0):
 garbage-first heap   total 158720K, used 128031K [0x0000000080000000, 0x0000000100000000)
  region size 1024K, 43 young (44032K), 6 survivors (6144K)
 Metaspace       used 93023K, committed 93632K, reserved 1130496K
  class space    used 12633K, committed 12928K, reserved 1048576K
}
Event: 105.573 GC heap after
{Heap after GC invocations=62 (full 0):
 garbage-first heap   total 158720K, used 90705K [0x0000000080000000, 0x0000000100000000)
  region size 1024K, 2 young (2048K), 2 survivors (2048K)
 Metaspace       used 93023K, committed 93632K, reserved 1130496K
  class space    used 12633K, committed 12928K, reserved 1048576K
}
Event: 139.541 GC heap before
{Heap before GC invocations=62 (full 0):
 garbage-first heap   total 158720K, used 129617K [0x0000000080000000, 0x0000000100000000)
  region size 1024K, 41 young (41984K), 2 survivors (2048K)
 Metaspace       used 97818K, committed 98496K, reserved 1138688K
  class space    used 13295K, committed 13632K, reserved 1048576K
}
Event: 139.546 GC heap after
{Heap after GC invocations=63 (full 0):
 garbage-first heap   total 158720K, used 94336K [0x0000000080000000, 0x0000000100000000)
  region size 1024K, 6 young (6144K), 6 survivors (6144K)
 Metaspace       used 97818K, committed 98496K, reserved 1138688K
  class space    used 13295K, committed 13632K, reserved 1048576K
}
Event: 181.026 GC heap before
{Heap before GC invocations=63 (full 0):
 garbage-first heap   total 158720K, used 131200K [0x0000000080000000, 0x0000000100000000)
  region size 1024K, 41 young (41984K), 6 survivors (6144K)
 Metaspace       used 101025K, committed 101696K, reserved 1138688K
  class space    used 13638K, committed 13952K, reserved 1048576K
}
Event: 181.056 GC heap after
{Heap after GC invocations=64 (full 0):
 garbage-first heap   total 158720K, used 103690K [0x0000000080000000, 0x0000000100000000)
  region size 1024K, 6 young (6144K), 6 survivors (6144K)
 Metaspace       used 101025K, committed 101696K, reserved 1138688K
  class space    used 13638K, committed 13952K, reserved 1048576K
}
Event: 185.794 GC heap before
{Heap before GC invocations=64 (full 0):
 garbage-first heap   total 158720K, used 129290K [0x0000000080000000, 0x0000000100000000)
  region size 1024K, 31 young (31744K), 6 survivors (6144K)
 Metaspace       used 102562K, committed 103296K, reserved 1138688K
  class space    used 13860K, committed 14208K, reserved 1048576K
}
Event: 185.801 GC heap after
{Heap after GC invocations=65 (full 0):
 garbage-first heap   total 158720K, used 105325K [0x0000000080000000, 0x0000000100000000)
  region size 1024K, 3 young (3072K), 3 survivors (3072K)
 Metaspace       used 102562K, committed 103296K, reserved 1138688K
  class space    used 13860K, committed 14208K, reserved 1048576K
}
Event: 197.368 GC heap before
{Heap before GC invocations=65 (full 0):
 garbage-first heap   total 158720K, used 130925K [0x0000000080000000, 0x0000000100000000)
  region size 1024K, 27 young (27648K), 3 survivors (3072K)
 Metaspace       used 106171K, committed 106880K, reserved 1146880K
  class space    used 14393K, committed 14720K, reserved 1048576K
}
Event: 197.374 GC heap after
{Heap after GC invocations=66 (full 0):
 garbage-first heap   total 158720K, used 107662K [0x0000000080000000, 0x0000000100000000)
  region size 1024K, 3 young (3072K), 3 survivors (3072K)
 Metaspace       used 106171K, committed 106880K, reserved 1146880K
  class space    used 14393K, committed 14720K, reserved 1048576K
}
Event: 200.914 GC heap before
{Heap before GC invocations=66 (full 0):
 garbage-first heap   total 158720K, used 131214K [0x0000000080000000, 0x0000000100000000)
  region size 1024K, 26 young (26624K), 3 survivors (3072K)
 Metaspace       used 108731K, committed 109440K, reserved 1146880K
  class space    used 14786K, committed 15104K, reserved 1048576K
}
Event: 200.935 GC heap after
{Heap after GC invocations=67 (full 0):
 garbage-first heap   total 158720K, used 113511K [0x0000000080000000, 0x0000000100000000)
  region size 1024K, 4 young (4096K), 4 survivors (4096K)
 Metaspace       used 108731K, committed 109440K, reserved 1146880K
  class space    used 14786K, committed 15104K, reserved 1048576K
}
Event: 203.719 GC heap before
{Heap before GC invocations=67 (full 0):
 garbage-first heap   total 158720K, used 131943K [0x0000000080000000, 0x0000000100000000)
  region size 1024K, 22 young (22528K), 4 survivors (4096K)
 Metaspace       used 111866K, committed 112576K, reserved 1146880K
  class space    used 15285K, committed 15616K, reserved 1048576K
}
Event: 203.728 GC heap after
{Heap after GC invocations=68 (full 0):
 garbage-first heap   total 158720K, used 115116K [0x0000000080000000, 0x0000000100000000)
  region size 1024K, 2 young (2048K), 2 survivors (2048K)
 Metaspace       used 111866K, committed 112576K, reserved 1146880K
  class space    used 15285K, committed 15616K, reserved 1048576K
}
Event: 208.153 GC heap before
{Heap before GC invocations=68 (full 0):
 garbage-first heap   total 158720K, used 132524K [0x0000000080000000, 0x0000000100000000)
  region size 1024K, 20 young (20480K), 2 survivors (2048K)
 Metaspace       used 114378K, committed 115136K, reserved 1155072K
  class space    used 15664K, committed 16000K, reserved 1048576K
}
Event: 208.159 GC heap after
{Heap after GC invocations=69 (full 0):
 garbage-first heap   total 158720K, used 115425K [0x0000000080000000, 0x0000000100000000)
  region size 1024K, 2 young (2048K), 2 survivors (2048K)
 Metaspace       used 114378K, committed 115136K, reserved 1155072K
  class space    used 15664K, committed 16000K, reserved 1048576K
}
Event: 211.874 GC heap before
{Heap before GC invocations=69 (full 0):
 garbage-first heap   total 158720K, used 133857K [0x0000000080000000, 0x0000000100000000)
  region size 1024K, 21 young (21504K), 2 survivors (2048K)
 Metaspace       used 115370K, committed 116160K, reserved 1155072K
  class space    used 15777K, committed 16128K, reserved 1048576K
}
Event: 211.884 GC heap after
{Heap after GC invocations=70 (full 0):
 garbage-first heap   total 158720K, used 115628K [0x0000000080000000, 0x0000000100000000)
  region size 1024K, 1 young (1024K), 1 survivors (1024K)
 Metaspace       used 115370K, committed 116160K, reserved 1155072K
  class space    used 15777K, committed 16128K, reserved 1048576K
}

